SF:lib\bloc\counter_state.dart
DA:7,5
DA:9,1
DA:10,2
DA:14,2
DA:18,3
DA:22,2
DA:26,2
DA:30,3
LF:8
LH:8
end_of_record
SF:lib\bloc\counter_event.dart
DA:4,2
DA:6,0
DA:7,0
DA:11,2
DA:15,2
DA:19,2
DA:23,2
LF:7
LH:5
end_of_record
SF:lib\bloc\counter_bloc.dart
DA:10,4
DA:11,4
DA:12,4
DA:13,4
DA:14,4
DA:17,2
DA:18,10
DA:21,1
DA:22,5
DA:25,1
DA:26,4
DA:29,1
DA:30,1
LF:13
LH:13
end_of_record
SF:lib\main.dart
DA:6,0
DA:7,0
DA:11,2
DA:13,1
DA:15,1
DA:16,2
DA:17,1
DA:19,1
DA:20,1
LF:9
LH:7
end_of_record
SF:lib\home_page.dart
DA:12,1
DA:22,1
DA:23,1
DA:27,1
DA:29,1
DA:30,1
DA:31,3
DA:32,3
DA:34,1
DA:35,1
DA:37,1
DA:41,1
DA:42,3
DA:43,3
DA:45,1
DA:46,2
DA:52,1
DA:54,1
DA:55,1
DA:56,2
DA:63,1
DA:64,2
DA:71,1
DA:72,2
DA:79,1
DA:80,2
LF:26
LH:26
end_of_record
SF:lib\home_screen.dart
DA:7,1
DA:9,1
DA:10,1
DA:14,1
DA:16,1
DA:17,1
DA:18,1
DA:20,1
DA:21,1
DA:22,2
DA:24,0
DA:25,0
DA:27,0
DA:28,0
DA:30,0
DA:31,0
DA:35,1
DA:36,1
DA:42,1
DA:48,1
DA:54,1
LF:21
LH:15
end_of_record
